#
# There is insufficient memory for the Java Runtime Environment to continue.
# Native memory allocation (malloc) failed to allocate 1586128 bytes. Error detail: Chunk::new
# Possible reasons:
#   The system is out of physical RAM or swap space
#   This process is running with CompressedOops enabled, and the Java Heap may be blocking the growth of the native heap
# Possible solutions:
#   Reduce memory load on the system
#   Increase physical memory or swap space
#   Check if swap backing store is full
#   Decrease Java heap size (-Xmx/-Xms)
#   Decrease number of Java threads
#   Decrease Java thread stack sizes (-Xss)
#   Set larger code cache with -XX:ReservedCodeCacheSize=
#   JVM is running with Unscaled Compressed Oops mode in which the Java heap is
#     placed in the first 4GB address space. The Java Heap base address is the
#     maximum limit for the native heap growth. Please use -XX:HeapBaseMinAddress
#     to set the Java Heap base and to place the Java Heap above 4GB virtual address.
# This output file may be truncated or incomplete.
#
#  Out of Memory Error (arena.cpp:149), pid=46264, tid=115880
#
# JRE version: Java(TM) SE Runtime Environment (23.0.1+11) (build 23.0.1+11-39)
# Java VM: Java HotSpot(TM) 64-Bit Server VM (23.0.1+11-39, mixed mode, sharing, tiered, compressed oops, compressed class ptrs, g1 gc, windows-amd64)
# No core dump will be written. Minidumps are not enabled by default on client versions of Windows
#

---------------  S U M M A R Y ------------

Command Line: -XX:+ShowCodeDetailsInExceptionMessages com.recipe.app.RecipeAppApplication

Host: 13th Gen Intel(R) Core(TM) i5-1335U, 12 cores, 7G,  Windows 11 , 64 bit Build 26100 (10.0.26100.4202)
Time: Tue Jul  8 23:50:53 2025 W. Europe Standard Time elapsed time: 4.344227 seconds (0d 0h 0m 4s)

---------------  T H R E A D  ---------------

Current thread (0x000001854f8b4030):  JavaThread "C2 CompilerThread0" daemon [_thread_in_native, id=115880, stack(0x0000001909600000,0x0000001909700000) (1024K)]


Current CompileTask:
C2:4344 2239       4       java.lang.invoke.MethodType::methodType (69 bytes)

Stack: [0x0000001909600000,0x0000001909700000]
Native frames: (J=compiled Java code, j=interpreted, Vv=VM code, C=native code)
V  [jvm.dll+0x6e08b9]  (no source info available)
V  [jvm.dll+0x87dc83]  (no source info available)
V  [jvm.dll+0x88010e]  (no source info available)
V  [jvm.dll+0x8807e3]  (no source info available)
V  [jvm.dll+0x27aee6]  (no source info available)
V  [jvm.dll+0xbc06f]  (no source info available)
V  [jvm.dll+0xbc2cb]  (no source info available)
V  [jvm.dll+0x3b3a9c]  (no source info available)
V  [jvm.dll+0x38a42b]  (no source info available)
V  [jvm.dll+0x38989a]  (no source info available)
V  [jvm.dll+0x244aa1]  (no source info available)
V  [jvm.dll+0x243dff]  (no source info available)
V  [jvm.dll+0x1c33a0]  (no source info available)
V  [jvm.dll+0x253cf1]  (no source info available)
V  [jvm.dll+0x251faa]  (no source info available)
V  [jvm.dll+0x3ee036]  (no source info available)
V  [jvm.dll+0x824f8b]  (no source info available)
V  [jvm.dll+0x6df065]  (no source info available)
C  [ucrtbase.dll+0x37b0]  (no source info available)
C  [KERNEL32.DLL+0x2e8d7]  (no source info available)
C  [ntdll.dll+0x3c34c]  (no source info available)

Lock stack of current Java thread (top to bottom):


---------------  P R O C E S S  ---------------

Threads class SMR info:
_java_thread_list=0x00000185960e66a0, length=12, elements={
0x000001853086b5b0, 0x000001854f8aae90, 0x000001854f8ab8f0, 0x000001854f8ae360,
0x000001854f8aedc0, 0x000001854f8b0830, 0x000001854f8b1290, 0x000001854f8b4030,
0x000001854f8b4ae0, 0x000001854fa2cc70, 0x000001854fa34b00, 0x000001854fae0aa0
}

Java Threads: ( => current thread )
  0x000001853086b5b0 JavaThread "main"                              [_thread_in_vm, id=20060, stack(0x0000001908800000,0x0000001908900000) (1024K)]
  0x000001854f8aae90 JavaThread "Reference Handler"          daemon [_thread_blocked, id=90508, stack(0x0000001909000000,0x0000001909100000) (1024K)]
  0x000001854f8ab8f0 JavaThread "Finalizer"                  daemon [_thread_blocked, id=83828, stack(0x0000001909100000,0x0000001909200000) (1024K)]
  0x000001854f8ae360 JavaThread "Signal Dispatcher"          daemon [_thread_blocked, id=38760, stack(0x0000001909200000,0x0000001909300000) (1024K)]
  0x000001854f8aedc0 JavaThread "Attach Listener"            daemon [_thread_blocked, id=55128, stack(0x0000001909300000,0x0000001909400000) (1024K)]
  0x000001854f8b0830 JavaThread "Service Thread"             daemon [_thread_blocked, id=115068, stack(0x0000001909400000,0x0000001909500000) (1024K)]
  0x000001854f8b1290 JavaThread "Monitor Deflation Thread"   daemon [_thread_blocked, id=2916, stack(0x0000001909500000,0x0000001909600000) (1024K)]
=>0x000001854f8b4030 JavaThread "C2 CompilerThread0"         daemon [_thread_in_native, id=115880, stack(0x0000001909600000,0x0000001909700000) (1024K)]
  0x000001854f8b4ae0 JavaThread "C1 CompilerThread0"         daemon [_thread_blocked, id=71136, stack(0x0000001909700000,0x0000001909800000) (1024K)]
  0x000001854fa2cc70 JavaThread "Notification Thread"        daemon [_thread_blocked, id=96840, stack(0x0000001909800000,0x0000001909900000) (1024K)]
  0x000001854fa34b00 JavaThread "Common-Cleaner"             daemon [_thread_blocked, id=7800, stack(0x0000001909900000,0x0000001909a00000) (1024K)]
  0x000001854fae0aa0 JavaThread "C2 CompilerThread1"         daemon [_thread_in_native, id=66996, stack(0x0000001909a00000,0x0000001909b00000) (1024K)]
Total: 12

Other Threads:
  0x000001854f891a40 VMThread "VM Thread"                           [id=103520, stack(0x0000001908f00000,0x0000001909000000) (1024K)]
  0x000001854f87b930 WatcherThread "VM Periodic Task Thread"        [id=31116, stack(0x0000001908e00000,0x0000001908f00000) (1024K)]
  0x00000185308cbfb0 WorkerThread "GC Thread#0"                     [id=68652, stack(0x0000001908900000,0x0000001908a00000) (1024K)]
  0x000001854f892900 WorkerThread "GC Thread#1"                     [id=69296, stack(0x0000001909b00000,0x0000001909c00000) (1024K)]
  0x000001854f893060 WorkerThread "GC Thread#2"                     [id=74304, stack(0x0000001909c00000,0x0000001909d00000) (1024K)]
  0x000001854f893410 WorkerThread "GC Thread#3"                     [id=61336, stack(0x0000001909d00000,0x0000001909e00000) (1024K)]
  0x0000018595b392d0 WorkerThread "GC Thread#4"                     [id=12128, stack(0x0000001909e00000,0x0000001909f00000) (1024K)]
  0x0000018595b39680 WorkerThread "GC Thread#5"                     [id=50308, stack(0x0000001909f00000,0x000000190a000000) (1024K)]
  0x0000018595b38b70 WorkerThread "GC Thread#6"                     [id=76308, stack(0x000000190a000000,0x000000190a100000) (1024K)]
  0x0000018595b3b050 WorkerThread "GC Thread#7"                     [id=113988, stack(0x000000190a200000,0x000000190a300000) (1024K)]
  0x0000018595b38f20 WorkerThread "GC Thread#8"                     [id=103312, stack(0x000000190a300000,0x000000190a400000) (1024K)]
  0x0000018595b3bb60 WorkerThread "GC Thread#9"                     [id=115824, stack(0x000000190a400000,0x000000190a500000) (1024K)]
  0x00000185308e03d0 ConcurrentGCThread "G1 Main Marker"            [id=59496, stack(0x0000001908a00000,0x0000001908b00000) (1024K)]
  0x00000185308e2d20 WorkerThread "G1 Conc#0"                       [id=77044, stack(0x0000001908b00000,0x0000001908c00000) (1024K)]
  0x000001854f73d210 ConcurrentGCThread "G1 Refine#0"               [id=70716, stack(0x0000001908c00000,0x0000001908d00000) (1024K)]
  0x000001854f740710 ConcurrentGCThread "G1 Service"                [id=43944, stack(0x0000001908d00000,0x0000001908e00000) (1024K)]
Total: 16

Threads with active compile tasks:
C2 CompilerThread0  4435 2239       4       java.lang.invoke.MethodType::methodType (69 bytes)
C2 CompilerThread1  4435 2419 %     4       java.util.Properties::load0 @ 29 (249 bytes)
Total: 2

VM state: not at safepoint (normal execution)

VM Mutex/Monitor currently owned by a thread: None

Heap address: 0x0000000084e00000, size: 1970 MB, Compressed Oops mode: 32-bit

CDS archive(s) mapped at: [0x0000018550000000-0x0000018550d70000-0x0000018550d70000), size 14090240, SharedBaseAddress: 0x0000018550000000, ArchiveRelocationMode: 1.
Compressed class space mapped at: 0x0000018551000000-0x0000018591000000, reserved size: 1073741824
Narrow klass base: 0x0000018550000000, Narrow klass shift: 0, Narrow klass range: 0x41000000

GC Precious Log:
 CardTable entry size: 512
 Card Set container configuration: InlinePtr #cards 5 size 8 Array Of Cards #cards 10 size 36 Howl #buckets 4 coarsen threshold 1843 Howl Bitmap #cards 512 size 80 coarsen threshold 460 Card regions per heap region 1 cards per card region 2048
 CPUs: 12 total, 12 available
 Memory: 7875M
 Large Page Support: Disabled
 NUMA Support: Disabled
 Compressed Oops: Enabled (32-bit)
 Heap Region Size: 1M
 Heap Min Capacity: 8M
 Heap Initial Capacity: 124M
 Heap Max Capacity: 1970M
 Pre-touch: Disabled
 Parallel Workers: 10
 Concurrent Workers: 3
 Concurrent Refinement Workers: 10
 Periodic GC: Disabled

Heap:
 garbage-first heap   total reserved 2017280K, committed 126976K, used 31720K [0x0000000084e00000, 0x0000000100000000)
  region size 1024K, 26 young (26624K), 3 survivors (3072K)
 Metaspace       used 18916K, committed 19264K, reserved 1114112K
  class space    used 2397K, committed 2560K, reserved 1048576K

Heap Regions: E=young(eden), S=young(survivor), O=old, HS=humongous(starts), HC=humongous(continues), CS=collection set, F=free, TAMS=top-at-mark-start, PB=parsable bottom
|   0|0x0000000084e00000, 0x0000000084f00000, 0x0000000084f00000|100%|HS|  |TAMS 0x0000000084e00000| PB 0x0000000084e00000| Complete |  0
|   1|0x0000000084f00000, 0x0000000085000000, 0x0000000085000000|100%|HS|  |TAMS 0x0000000084f00000| PB 0x0000000084f00000| Complete |  0
|   2|0x0000000085000000, 0x0000000085100000, 0x0000000085100000|100%| O|  |TAMS 0x0000000085000000| PB 0x0000000085000000| Untracked |  0
|   3|0x0000000085100000, 0x0000000085200000, 0x0000000085200000|100%| O|  |TAMS 0x0000000085100000| PB 0x0000000085100000| Untracked |  0
|   4|0x0000000085200000, 0x0000000085300000, 0x0000000085300000|100%| O|  |TAMS 0x0000000085200000| PB 0x0000000085200000| Untracked |  0
|   5|0x0000000085300000, 0x0000000085400000, 0x0000000085400000|100%| O|  |TAMS 0x0000000085300000| PB 0x0000000085300000| Untracked |  0
|   6|0x0000000085400000, 0x0000000085500000, 0x0000000085500000|100%| O|  |TAMS 0x0000000085400000| PB 0x0000000085400000| Untracked |  0
|   7|0x0000000085500000, 0x000000008557fda0, 0x0000000085600000| 49%| O|  |TAMS 0x0000000085500000| PB 0x0000000085500000| Untracked |  0
|   8|0x0000000085600000, 0x0000000085600000, 0x0000000085700000|  0%| F|  |TAMS 0x0000000085600000| PB 0x0000000085600000| Untracked |  0
|   9|0x0000000085700000, 0x0000000085700000, 0x0000000085800000|  0%| F|  |TAMS 0x0000000085700000| PB 0x0000000085700000| Untracked |  0
|  10|0x0000000085800000, 0x0000000085800000, 0x0000000085900000|  0%| F|  |TAMS 0x0000000085800000| PB 0x0000000085800000| Untracked |  0
|  11|0x0000000085900000, 0x0000000085900000, 0x0000000085a00000|  0%| F|  |TAMS 0x0000000085900000| PB 0x0000000085900000| Untracked |  0
|  12|0x0000000085a00000, 0x0000000085a00000, 0x0000000085b00000|  0%| F|  |TAMS 0x0000000085a00000| PB 0x0000000085a00000| Untracked |  0
|  13|0x0000000085b00000, 0x0000000085b00000, 0x0000000085c00000|  0%| F|  |TAMS 0x0000000085b00000| PB 0x0000000085b00000| Untracked |  0
|  14|0x0000000085c00000, 0x0000000085c00000, 0x0000000085d00000|  0%| F|  |TAMS 0x0000000085c00000| PB 0x0000000085c00000| Untracked |  0
|  15|0x0000000085d00000, 0x0000000085d00000, 0x0000000085e00000|  0%| F|  |TAMS 0x0000000085d00000| PB 0x0000000085d00000| Untracked |  0
|  16|0x0000000085e00000, 0x0000000085e00000, 0x0000000085f00000|  0%| F|  |TAMS 0x0000000085e00000| PB 0x0000000085e00000| Untracked |  0
|  17|0x0000000085f00000, 0x0000000085f00000, 0x0000000086000000|  0%| F|  |TAMS 0x0000000085f00000| PB 0x0000000085f00000| Untracked |  0
|  18|0x0000000086000000, 0x0000000086000000, 0x0000000086100000|  0%| F|  |TAMS 0x0000000086000000| PB 0x0000000086000000| Untracked |  0
|  19|0x0000000086100000, 0x0000000086100000, 0x0000000086200000|  0%| F|  |TAMS 0x0000000086100000| PB 0x0000000086100000| Untracked |  0
|  20|0x0000000086200000, 0x0000000086200000, 0x0000000086300000|  0%| F|  |TAMS 0x0000000086200000| PB 0x0000000086200000| Untracked |  0
|  21|0x0000000086300000, 0x0000000086300000, 0x0000000086400000|  0%| F|  |TAMS 0x0000000086300000| PB 0x0000000086300000| Untracked |  0
|  22|0x0000000086400000, 0x0000000086400000, 0x0000000086500000|  0%| F|  |TAMS 0x0000000086400000| PB 0x0000000086400000| Untracked |  0
|  23|0x0000000086500000, 0x0000000086500000, 0x0000000086600000|  0%| F|  |TAMS 0x0000000086500000| PB 0x0000000086500000| Untracked |  0
|  24|0x0000000086600000, 0x0000000086600000, 0x0000000086700000|  0%| F|  |TAMS 0x0000000086600000| PB 0x0000000086600000| Untracked |  0
|  25|0x0000000086700000, 0x0000000086700000, 0x0000000086800000|  0%| F|  |TAMS 0x0000000086700000| PB 0x0000000086700000| Untracked |  0
|  26|0x0000000086800000, 0x0000000086800000, 0x0000000086900000|  0%| F|  |TAMS 0x0000000086800000| PB 0x0000000086800000| Untracked |  0
|  27|0x0000000086900000, 0x0000000086900000, 0x0000000086a00000|  0%| F|  |TAMS 0x0000000086900000| PB 0x0000000086900000| Untracked |  0
|  28|0x0000000086a00000, 0x0000000086a00000, 0x0000000086b00000|  0%| F|  |TAMS 0x0000000086a00000| PB 0x0000000086a00000| Untracked |  0
|  29|0x0000000086b00000, 0x0000000086b00000, 0x0000000086c00000|  0%| F|  |TAMS 0x0000000086b00000| PB 0x0000000086b00000| Untracked |  0
|  30|0x0000000086c00000, 0x0000000086c00000, 0x0000000086d00000|  0%| F|  |TAMS 0x0000000086c00000| PB 0x0000000086c00000| Untracked |  0
|  31|0x0000000086d00000, 0x0000000086d00000, 0x0000000086e00000|  0%| F|  |TAMS 0x0000000086d00000| PB 0x0000000086d00000| Untracked |  0
|  32|0x0000000086e00000, 0x0000000086e00000, 0x0000000086f00000|  0%| F|  |TAMS 0x0000000086e00000| PB 0x0000000086e00000| Untracked |  0
|  33|0x0000000086f00000, 0x0000000086f00000, 0x0000000087000000|  0%| F|  |TAMS 0x0000000086f00000| PB 0x0000000086f00000| Untracked |  0
|  34|0x0000000087000000, 0x0000000087000000, 0x0000000087100000|  0%| F|  |TAMS 0x0000000087000000| PB 0x0000000087000000| Untracked |  0
|  35|0x0000000087100000, 0x0000000087100000, 0x0000000087200000|  0%| F|  |TAMS 0x0000000087100000| PB 0x0000000087100000| Untracked |  0
|  36|0x0000000087200000, 0x0000000087200000, 0x0000000087300000|  0%| F|  |TAMS 0x0000000087200000| PB 0x0000000087200000| Untracked |  0
|  37|0x0000000087300000, 0x0000000087300000, 0x0000000087400000|  0%| F|  |TAMS 0x0000000087300000| PB 0x0000000087300000| Untracked |  0
|  38|0x0000000087400000, 0x0000000087400000, 0x0000000087500000|  0%| F|  |TAMS 0x0000000087400000| PB 0x0000000087400000| Untracked |  0
|  39|0x0000000087500000, 0x0000000087500000, 0x0000000087600000|  0%| F|  |TAMS 0x0000000087500000| PB 0x0000000087500000| Untracked |  0
|  40|0x0000000087600000, 0x0000000087600000, 0x0000000087700000|  0%| F|  |TAMS 0x0000000087600000| PB 0x0000000087600000| Untracked |  0
|  41|0x0000000087700000, 0x0000000087700000, 0x0000000087800000|  0%| F|  |TAMS 0x0000000087700000| PB 0x0000000087700000| Untracked |  0
|  42|0x0000000087800000, 0x0000000087800000, 0x0000000087900000|  0%| F|  |TAMS 0x0000000087800000| PB 0x0000000087800000| Untracked |  0
|  43|0x0000000087900000, 0x0000000087900000, 0x0000000087a00000|  0%| F|  |TAMS 0x0000000087900000| PB 0x0000000087900000| Untracked |  0
|  44|0x0000000087a00000, 0x0000000087a00000, 0x0000000087b00000|  0%| F|  |TAMS 0x0000000087a00000| PB 0x0000000087a00000| Untracked |  0
|  45|0x0000000087b00000, 0x0000000087b00000, 0x0000000087c00000|  0%| F|  |TAMS 0x0000000087b00000| PB 0x0000000087b00000| Untracked |  0
|  46|0x0000000087c00000, 0x0000000087c00000, 0x0000000087d00000|  0%| F|  |TAMS 0x0000000087c00000| PB 0x0000000087c00000| Untracked |  0
|  47|0x0000000087d00000, 0x0000000087d00000, 0x0000000087e00000|  0%| F|  |TAMS 0x0000000087d00000| PB 0x0000000087d00000| Untracked |  0
|  48|0x0000000087e00000, 0x0000000087e00000, 0x0000000087f00000|  0%| F|  |TAMS 0x0000000087e00000| PB 0x0000000087e00000| Untracked |  0
|  49|0x0000000087f00000, 0x0000000087f00000, 0x0000000088000000|  0%| F|  |TAMS 0x0000000087f00000| PB 0x0000000087f00000| Untracked |  0
|  50|0x0000000088000000, 0x0000000088000000, 0x0000000088100000|  0%| F|  |TAMS 0x0000000088000000| PB 0x0000000088000000| Untracked |  0
|  51|0x0000000088100000, 0x0000000088100000, 0x0000000088200000|  0%| F|  |TAMS 0x0000000088100000| PB 0x0000000088100000| Untracked |  0
|  52|0x0000000088200000, 0x0000000088200000, 0x0000000088300000|  0%| F|  |TAMS 0x0000000088200000| PB 0x0000000088200000| Untracked |  0
|  53|0x0000000088300000, 0x0000000088300000, 0x0000000088400000|  0%| F|  |TAMS 0x0000000088300000| PB 0x0000000088300000| Untracked |  0
|  54|0x0000000088400000, 0x0000000088400000, 0x0000000088500000|  0%| F|  |TAMS 0x0000000088400000| PB 0x0000000088400000| Untracked |  0
|  55|0x0000000088500000, 0x0000000088500000, 0x0000000088600000|  0%| F|  |TAMS 0x0000000088500000| PB 0x0000000088500000| Untracked |  0
|  56|0x0000000088600000, 0x0000000088600000, 0x0000000088700000|  0%| F|  |TAMS 0x0000000088600000| PB 0x0000000088600000| Untracked |  0
|  57|0x0000000088700000, 0x0000000088700000, 0x0000000088800000|  0%| F|  |TAMS 0x0000000088700000| PB 0x0000000088700000| Untracked |  0
|  58|0x0000000088800000, 0x0000000088800000, 0x0000000088900000|  0%| F|  |TAMS 0x0000000088800000| PB 0x0000000088800000| Untracked |  0
|  59|0x0000000088900000, 0x0000000088900000, 0x0000000088a00000|  0%| F|  |TAMS 0x0000000088900000| PB 0x0000000088900000| Untracked |  0
|  60|0x0000000088a00000, 0x0000000088a00000, 0x0000000088b00000|  0%| F|  |TAMS 0x0000000088a00000| PB 0x0000000088a00000| Untracked |  0
|  61|0x0000000088b00000, 0x0000000088b00000, 0x0000000088c00000|  0%| F|  |TAMS 0x0000000088b00000| PB 0x0000000088b00000| Untracked |  0
|  62|0x0000000088c00000, 0x0000000088c00000, 0x0000000088d00000|  0%| F|  |TAMS 0x0000000088c00000| PB 0x0000000088c00000| Untracked |  0
|  63|0x0000000088d00000, 0x0000000088d00000, 0x0000000088e00000|  0%| F|  |TAMS 0x0000000088d00000| PB 0x0000000088d00000| Untracked |  0
|  64|0x0000000088e00000, 0x0000000088e00000, 0x0000000088f00000|  0%| F|  |TAMS 0x0000000088e00000| PB 0x0000000088e00000| Untracked |  0
|  65|0x0000000088f00000, 0x0000000088f00000, 0x0000000089000000|  0%| F|  |TAMS 0x0000000088f00000| PB 0x0000000088f00000| Untracked |  0
|  66|0x0000000089000000, 0x0000000089000000, 0x0000000089100000|  0%| F|  |TAMS 0x0000000089000000| PB 0x0000000089000000| Untracked |  0
|  67|0x0000000089100000, 0x0000000089100000, 0x0000000089200000|  0%| F|  |TAMS 0x0000000089100000| PB 0x0000000089100000| Untracked |  0
|  68|0x0000000089200000, 0x0000000089200000, 0x0000000089300000|  0%| F|  |TAMS 0x0000000089200000| PB 0x0000000089200000| Untracked |  0
|  69|0x0000000089300000, 0x0000000089300000, 0x0000000089400000|  0%| F|  |TAMS 0x0000000089300000| PB 0x0000000089300000| Untracked |  0
|  70|0x0000000089400000, 0x0000000089400000, 0x0000000089500000|  0%| F|  |TAMS 0x0000000089400000| PB 0x0000000089400000| Untracked |  0
|  71|0x0000000089500000, 0x0000000089500000, 0x0000000089600000|  0%| F|  |TAMS 0x0000000089500000| PB 0x0000000089500000| Untracked |  0
|  72|0x0000000089600000, 0x0000000089600000, 0x0000000089700000|  0%| F|  |TAMS 0x0000000089600000| PB 0x0000000089600000| Untracked |  0
|  73|0x0000000089700000, 0x0000000089700000, 0x0000000089800000|  0%| F|  |TAMS 0x0000000089700000| PB 0x0000000089700000| Untracked |  0
|  74|0x0000000089800000, 0x0000000089800000, 0x0000000089900000|  0%| F|  |TAMS 0x0000000089800000| PB 0x0000000089800000| Untracked |  0
|  75|0x0000000089900000, 0x0000000089900000, 0x0000000089a00000|  0%| F|  |TAMS 0x0000000089900000| PB 0x0000000089900000| Untracked |  0
|  76|0x0000000089a00000, 0x0000000089a00000, 0x0000000089b00000|  0%| F|  |TAMS 0x0000000089a00000| PB 0x0000000089a00000| Untracked |  0
|  77|0x0000000089b00000, 0x0000000089b00000, 0x0000000089c00000|  0%| F|  |TAMS 0x0000000089b00000| PB 0x0000000089b00000| Untracked |  0
|  78|0x0000000089c00000, 0x0000000089c00000, 0x0000000089d00000|  0%| F|  |TAMS 0x0000000089c00000| PB 0x0000000089c00000| Untracked |  0
|  79|0x0000000089d00000, 0x0000000089d00000, 0x0000000089e00000|  0%| F|  |TAMS 0x0000000089d00000| PB 0x0000000089d00000| Untracked |  0
|  80|0x0000000089e00000, 0x0000000089e00000, 0x0000000089f00000|  0%| F|  |TAMS 0x0000000089e00000| PB 0x0000000089e00000| Untracked |  0
|  81|0x0000000089f00000, 0x0000000089f00000, 0x000000008a000000|  0%| F|  |TAMS 0x0000000089f00000| PB 0x0000000089f00000| Untracked |  0
|  82|0x000000008a000000, 0x000000008a000000, 0x000000008a100000|  0%| F|  |TAMS 0x000000008a000000| PB 0x000000008a000000| Untracked |  0
|  83|0x000000008a100000, 0x000000008a100000, 0x000000008a200000|  0%| F|  |TAMS 0x000000008a100000| PB 0x000000008a100000| Untracked |  0
|  84|0x000000008a200000, 0x000000008a200000, 0x000000008a300000|  0%| F|  |TAMS 0x000000008a200000| PB 0x000000008a200000| Untracked |  0
|  85|0x000000008a300000, 0x000000008a300000, 0x000000008a400000|  0%| F|  |TAMS 0x000000008a300000| PB 0x000000008a300000| Untracked |  0
|  86|0x000000008a400000, 0x000000008a400000, 0x000000008a500000|  0%| F|  |TAMS 0x000000008a400000| PB 0x000000008a400000| Untracked |  0
|  87|0x000000008a500000, 0x000000008a500000, 0x000000008a600000|  0%| F|  |TAMS 0x000000008a500000| PB 0x000000008a500000| Untracked |  0
|  88|0x000000008a600000, 0x000000008a600000, 0x000000008a700000|  0%| F|  |TAMS 0x000000008a600000| PB 0x000000008a600000| Untracked |  0
|  89|0x000000008a700000, 0x000000008a700000, 0x000000008a800000|  0%| F|  |TAMS 0x000000008a700000| PB 0x000000008a700000| Untracked |  0
|  90|0x000000008a800000, 0x000000008a800000, 0x000000008a900000|  0%| F|  |TAMS 0x000000008a800000| PB 0x000000008a800000| Untracked |  0
|  91|0x000000008a900000, 0x000000008a900000, 0x000000008aa00000|  0%| F|  |TAMS 0x000000008a900000| PB 0x000000008a900000| Untracked |  0
|  92|0x000000008aa00000, 0x000000008aa00000, 0x000000008ab00000|  0%| F|  |TAMS 0x000000008aa00000| PB 0x000000008aa00000| Untracked |  0
|  93|0x000000008ab00000, 0x000000008ab00000, 0x000000008ac00000|  0%| F|  |TAMS 0x000000008ab00000| PB 0x000000008ab00000| Untracked |  0
|  94|0x000000008ac00000, 0x000000008ac00000, 0x000000008ad00000|  0%| F|  |TAMS 0x000000008ac00000| PB 0x000000008ac00000| Untracked |  0
|  95|0x000000008ad00000, 0x000000008ad00000, 0x000000008ae00000|  0%| F|  |TAMS 0x000000008ad00000| PB 0x000000008ad00000| Untracked |  0
|  96|0x000000008ae00000, 0x000000008ae7a600, 0x000000008af00000| 47%| S|CS|TAMS 0x000000008ae00000| PB 0x000000008ae00000| Complete |  0
|  97|0x000000008af00000, 0x000000008af00000, 0x000000008b000000|  0%| F|  |TAMS 0x000000008af00000| PB 0x000000008af00000| Untracked |  0
|  98|0x000000008b000000, 0x000000008b000000, 0x000000008b100000|  0%| F|  |TAMS 0x000000008b000000| PB 0x000000008b000000| Untracked |  0
|  99|0x000000008b100000, 0x000000008b200000, 0x000000008b200000|100%| E|  |TAMS 0x000000008b100000| PB 0x000000008b100000| Complete |  0
| 100|0x000000008b200000, 0x000000008b300000, 0x000000008b300000|100%| S|CS|TAMS 0x000000008b200000| PB 0x000000008b200000| Complete |  0
| 101|0x000000008b300000, 0x000000008b400000, 0x000000008b400000|100%| S|CS|TAMS 0x000000008b300000| PB 0x000000008b300000| Complete |  0
| 102|0x000000008b400000, 0x000000008b500000, 0x000000008b500000|100%| E|CS|TAMS 0x000000008b400000| PB 0x000000008b400000| Complete |  0
| 103|0x000000008b500000, 0x000000008b600000, 0x000000008b600000|100%| E|CS|TAMS 0x000000008b500000| PB 0x000000008b500000| Complete |  0
| 104|0x000000008b600000, 0x000000008b700000, 0x000000008b700000|100%| E|CS|TAMS 0x000000008b600000| PB 0x000000008b600000| Complete |  0
| 105|0x000000008b700000, 0x000000008b800000, 0x000000008b800000|100%| E|CS|TAMS 0x000000008b700000| PB 0x000000008b700000| Complete |  0
| 106|0x000000008b800000, 0x000000008b900000, 0x000000008b900000|100%| E|CS|TAMS 0x000000008b800000| PB 0x000000008b800000| Complete |  0
| 107|0x000000008b900000, 0x000000008ba00000, 0x000000008ba00000|100%| E|CS|TAMS 0x000000008b900000| PB 0x000000008b900000| Complete |  0
| 108|0x000000008ba00000, 0x000000008bb00000, 0x000000008bb00000|100%| E|CS|TAMS 0x000000008ba00000| PB 0x000000008ba00000| Complete |  0
| 109|0x000000008bb00000, 0x000000008bc00000, 0x000000008bc00000|100%| E|CS|TAMS 0x000000008bb00000| PB 0x000000008bb00000| Complete |  0
| 110|0x000000008bc00000, 0x000000008bd00000, 0x000000008bd00000|100%| E|CS|TAMS 0x000000008bc00000| PB 0x000000008bc00000| Complete |  0
| 111|0x000000008bd00000, 0x000000008be00000, 0x000000008be00000|100%| E|  |TAMS 0x000000008bd00000| PB 0x000000008bd00000| Complete |  0
| 112|0x000000008be00000, 0x000000008bf00000, 0x000000008bf00000|100%| E|CS|TAMS 0x000000008be00000| PB 0x000000008be00000| Complete |  0
| 113|0x000000008bf00000, 0x000000008c000000, 0x000000008c000000|100%| E|CS|TAMS 0x000000008bf00000| PB 0x000000008bf00000| Complete |  0
| 114|0x000000008c000000, 0x000000008c100000, 0x000000008c100000|100%| E|CS|TAMS 0x000000008c000000| PB 0x000000008c000000| Complete |  0
| 115|0x000000008c100000, 0x000000008c200000, 0x000000008c200000|100%| E|CS|TAMS 0x000000008c100000| PB 0x000000008c100000| Complete |  0
| 116|0x000000008c200000, 0x000000008c300000, 0x000000008c300000|100%| E|CS|TAMS 0x000000008c200000| PB 0x000000008c200000| Complete |  0
| 117|0x000000008c300000, 0x000000008c400000, 0x000000008c400000|100%| E|CS|TAMS 0x000000008c300000| PB 0x000000008c300000| Complete |  0
| 118|0x000000008c400000, 0x000000008c500000, 0x000000008c500000|100%| E|CS|TAMS 0x000000008c400000| PB 0x000000008c400000| Complete |  0
| 119|0x000000008c500000, 0x000000008c600000, 0x000000008c600000|100%| E|CS|TAMS 0x000000008c500000| PB 0x000000008c500000| Complete |  0
| 120|0x000000008c600000, 0x000000008c700000, 0x000000008c700000|100%| E|CS|TAMS 0x000000008c600000| PB 0x000000008c600000| Complete |  0
| 121|0x000000008c700000, 0x000000008c800000, 0x000000008c800000|100%| E|CS|TAMS 0x000000008c700000| PB 0x000000008c700000| Complete |  0
| 122|0x000000008c800000, 0x000000008c900000, 0x000000008c900000|100%| E|CS|TAMS 0x000000008c800000| PB 0x000000008c800000| Complete |  0
| 123|0x000000008c900000, 0x000000008ca00000, 0x000000008ca00000|100%| E|CS|TAMS 0x000000008c900000| PB 0x000000008c900000| Complete |  0

Card table byte_map: [0x000001854a900000,0x000001854ace0000] _byte_map_base: 0x000001854a4d9000

Marking Bits: (CMBitMap*) 0x00000185308cc6c0
 Bits: [0x000001854ace0000, 0x000001854cba8000)

Polling page: 0x00000185321e0000

Metaspace:

Usage:
  Non-class:     16.15 MB used.
      Class:      2.34 MB used.
       Both:     18.49 MB used.

Virtual space:
  Non-class space:       64.00 MB reserved,      16.31 MB ( 25%) committed,  1 nodes.
      Class space:        1.00 GB reserved,       2.50 MB ( <1%) committed,  1 nodes.
             Both:        1.06 GB reserved,      18.81 MB (  2%) committed. 

Chunk freelists:
   Non-Class:  15.44 MB
       Class:  13.41 MB
        Both:  28.84 MB

MaxMetaspaceSize: unlimited
CompressedClassSpaceSize: 1.00 GB
Initial GC threshold: 21.00 MB
Current GC threshold: 21.00 MB
CDS: on
 - commit_granule_bytes: 65536.
 - commit_granule_words: 8192.
 - virtual_space_node_default_size: 8388608.
 - enlarge_chunks_in_place: 1.
 - use_allocation_guard: 0.


Internal statistics:

num_allocs_failed_limit: 0.
num_arena_births: 356.
num_arena_deaths: 0.
num_vsnodes_births: 2.
num_vsnodes_deaths: 0.
num_space_committed: 301.
num_space_uncommitted: 0.
num_chunks_returned_to_freelist: 0.
num_chunks_taken_from_freelist: 960.
num_chunk_merges: 0.
num_chunk_splits: 640.
num_chunks_enlarged: 450.
num_inconsistent_stats: 0.

CodeHeap 'non-profiled nmethods': size=120064Kb used=776Kb max_used=776Kb free=119287Kb
 bounds [0x0000018542340000, 0x00000185425b0000, 0x0000018549880000]
CodeHeap 'profiled nmethods': size=120000Kb used=3293Kb max_used=3293Kb free=116706Kb
 bounds [0x000001853a880000, 0x000001853abc0000, 0x0000018541db0000]
CodeHeap 'non-nmethods': size=5696Kb used=1459Kb max_used=1478Kb free=4236Kb
 bounds [0x0000018541db0000, 0x0000018542020000, 0x0000018542340000]
CodeCache: size=245760Kb, used=5528Kb, max_used=5547Kb, free=240229Kb
 total_blobs=2985, nmethods=2444, adapters=446, full_count=0
Compilation: enabled, stopped_count=0, restarted_count=0

Compilation events (20 events):
Event: 3.315 Thread 0x000001854f8b4ae0 2331       3       java.lang.invoke.LambdaForm$MH/0x0000018551016800::invoke (32 bytes)
Event: 3.315 Thread 0x000001854f8b4ae0 nmethod 2331 0x000001853ab8ae08 code [0x000001853ab8af40, 0x000001853ab8b3c8]
Event: 3.316 Thread 0x000001854f8b4ae0 2333       1       sun.security.util.KnownOIDs::registerNames (2 bytes)
Event: 3.316 Thread 0x000001854f8b4ae0 nmethod 2333 0x00000185423f7588 code [0x00000185423f76a0, 0x00000185423f7768]
Event: 3.316 Thread 0x000001854f8b4ae0 2332       3       java.lang.invoke.LambdaForm$MH/0x0000018551118000::invoke (45 bytes)
Event: 3.316 Thread 0x000001854f8b4ae0 nmethod 2332 0x000001853ab8b408 code [0x000001853ab8b560, 0x000001853ab8bbd8]
Event: 3.317 Thread 0x000001854f8b4ae0 2334       3       java.lang.invoke.DirectMethodHandle$Holder::invokeStatic (14 bytes)
Event: 3.317 Thread 0x000001854f8b4ae0 nmethod 2334 0x000001853ab8bc08 code [0x000001853ab8bd40, 0x000001853ab8c170]
Event: 3.318 Thread 0x000001854fae0aa0 nmethod 2312 0x00000185423f7888 code [0x00000185423f7a40, 0x00000185423f82b0]
Event: 3.318 Thread 0x000001854fae0aa0 2324 %     4       java.util.jar.Manifest$FastInputStream::readLine @ 86 (296 bytes)
Event: 3.319 Thread 0x000001854f8b4ae0 2337       3       java.lang.invoke.LambdaForm$MH/0x0000018551135c00::invoke (110 bytes)
Event: 3.320 Thread 0x000001854f8b4ae0 nmethod 2337 0x000001853ab8c188 code [0x000001853ab8c340, 0x000001853ab8d090]
Event: 3.320 Thread 0x000001854f8b4ae0 2338       3       java.lang.invoke.LambdaForm$MH/0x0000018551135400::invoke (46 bytes)
Event: 3.320 Thread 0x000001854f8b4ae0 nmethod 2338 0x000001853ab8d108 code [0x000001853ab8d260, 0x000001853ab8d818]
Event: 3.321 Thread 0x000001854f8b4ae0 2339       3       sun.security.util.KnownOIDs::register (349 bytes)
Event: 4.332 Thread 0x000001854f8b4ae0 nmethod 2339 0x000001853ab8d888 code [0x000001853ab8df60, 0x000001853ab91720]
Event: 4.333 Thread 0x000001854f8b4ae0 2340       3       java.util.HashMap$HashIterator::<init> (79 bytes)
Event: 4.333 Thread 0x000001854f8b4ae0 nmethod 2340 0x000001853ab91808 code [0x000001853ab91940, 0x000001853ab91d28]
Event: 4.333 Thread 0x000001854f8b4ae0 2341       3       java.util.LinkedHashMap$LinkedKeyIterator::next (8 bytes)
Event: 4.333 Thread 0x000001854f8b4ae0 nmethod 2341 0x000001853ab91d88 code [0x000001853ab91ea0, 0x000001853ab91ff8]

GC Heap History (4 events):
Event: 1.200 GC heap before
{Heap before GC invocations=0 (full 0):
 garbage-first heap   total reserved 2017280K, committed 126976K, used 25600K [0x0000000084e00000, 0x0000000100000000)
  region size 1024K, 24 young (24576K), 0 survivors (0K)
 Metaspace       used 6578K, committed 6848K, reserved 1114112K
  class space    used 830K, committed 960K, reserved 1048576K
}
Event: 1.209 GC heap after
{Heap after GC invocations=1 (full 0):
 garbage-first heap   total reserved 2017280K, committed 126976K, used 7568K [0x0000000084e00000, 0x0000000100000000)
  region size 1024K, 3 young (3072K), 3 survivors (3072K)
 Metaspace       used 6578K, committed 6848K, reserved 1114112K
  class space    used 830K, committed 960K, reserved 1048576K
}
Event: 2.917 GC heap before
{Heap before GC invocations=1 (full 0):
 garbage-first heap   total reserved 2017280K, committed 126976K, used 29072K [0x0000000084e00000, 0x0000000100000000)
  region size 1024K, 25 young (25600K), 3 survivors (3072K)
 Metaspace       used 13111K, committed 13440K, reserved 1114112K
  class space    used 1637K, committed 1792K, reserved 1048576K
}
Event: 2.925 GC heap after
{Heap after GC invocations=2 (full 0):
 garbage-first heap   total reserved 2017280K, committed 126976K, used 10216K [0x0000000084e00000, 0x0000000100000000)
  region size 1024K, 3 young (3072K), 3 survivors (3072K)
 Metaspace       used 13111K, committed 13440K, reserved 1114112K
  class space    used 1637K, committed 1792K, reserved 1048576K
}

Dll operation events (6 events):
Event: 0.012 Loaded shared library C:\Program Files\Java\jdk-23\bin\java.dll
Event: 0.047 Loaded shared library C:\Program Files\Java\jdk-23\bin\jsvml.dll
Event: 0.221 Loaded shared library C:\Program Files\Java\jdk-23\bin\net.dll
Event: 0.224 Loaded shared library C:\Program Files\Java\jdk-23\bin\nio.dll
Event: 0.232 Loaded shared library C:\Program Files\Java\jdk-23\bin\zip.dll
Event: 0.425 Loaded shared library C:\Program Files\Java\jdk-23\bin\jimage.dll

Deoptimization events (20 events):
Event: 3.121 Thread 0x000001853086b5b0 Uncommon trap: trap_request=0xffffff45 fr.pc=0x0000018542375198 relative=0x0000000000000338
Event: 3.121 Thread 0x000001853086b5b0 Uncommon trap: reason=unstable_if action=reinterpret pc=0x0000018542375198 method=java.util.zip.ZipCoder.hash(Ljava/lang/String;)I @ 23 c2
Event: 3.121 Thread 0x000001853086b5b0 DEOPT PACKING pc=0x0000018542375198 sp=0x00000019088fe460
Event: 3.121 Thread 0x000001853086b5b0 DEOPT UNPACKING pc=0x0000018541e04402 sp=0x00000019088fe3e8 mode 2
Event: 3.125 Thread 0x000001853086b5b0 Uncommon trap: trap_request=0xffffff45 fr.pc=0x000001854234ebcc relative=0x000000000000004c
Event: 3.125 Thread 0x000001853086b5b0 Uncommon trap: reason=unstable_if action=reinterpret pc=0x000001854234ebcc method=sun.nio.fs.WindowsPathParser.isSlash(C)Z @ 9 c2
Event: 3.125 Thread 0x000001853086b5b0 DEOPT PACKING pc=0x000001854234ebcc sp=0x00000019088fe670
Event: 3.125 Thread 0x000001853086b5b0 DEOPT UNPACKING pc=0x0000018541e04402 sp=0x00000019088fe5f8 mode 2
Event: 3.213 Thread 0x0000018595cbcf10 Uncommon trap: trap_request=0xffffff45 fr.pc=0x00000185423d1e8c relative=0x000000000000012c
Event: 3.213 Thread 0x0000018595cbcf10 Uncommon trap: reason=unstable_if action=reinterpret pc=0x00000185423d1e8c method=java.util.regex.Pattern$BmpCharPropertyGreedy.match(Ljava/util/regex/Matcher;ILjava/lang/CharSequence;)Z @ 12 c2
Event: 3.213 Thread 0x0000018595cbcf10 DEOPT PACKING pc=0x00000185423d1e8c sp=0x000000190a1fdcc0
Event: 3.213 Thread 0x0000018595cbcf10 DEOPT UNPACKING pc=0x0000018541e04402 sp=0x000000190a1fdc58 mode 2
Event: 3.260 Thread 0x0000018595cbcf10 Uncommon trap: trap_request=0xffffff45 fr.pc=0x00000185423c2ee8 relative=0x00000000000004a8
Event: 3.260 Thread 0x0000018595cbcf10 Uncommon trap: reason=unstable_if action=reinterpret pc=0x00000185423c2ee8 method=java.lang.AbstractStringBuilder.isLatin1()Z @ 10 c2
Event: 3.261 Thread 0x0000018595cbcf10 DEOPT PACKING pc=0x00000185423c2ee8 sp=0x000000190a1fdd70
Event: 3.261 Thread 0x0000018595cbcf10 DEOPT UNPACKING pc=0x0000018541e04402 sp=0x000000190a1fdcc8 mode 2
Event: 3.286 Thread 0x000001853086b5b0 Uncommon trap: trap_request=0xffffff45 fr.pc=0x0000018542355390 relative=0x00000000000006b0
Event: 3.286 Thread 0x000001853086b5b0 Uncommon trap: reason=unstable_if action=reinterpret pc=0x0000018542355390 method=java.util.jar.Manifest$FastInputStream.readLine([BII)I @ 130 c2
Event: 3.286 Thread 0x000001853086b5b0 DEOPT PACKING pc=0x0000018542355390 sp=0x00000019088fd660
Event: 3.286 Thread 0x000001853086b5b0 DEOPT UNPACKING pc=0x0000018541e04402 sp=0x00000019088fd5f0 mode 2

Classes loaded (20 events):
Event: 3.298 Loading class sun/security/util/KnownOIDs$3 done
Event: 3.300 Loading class sun/security/util/KnownOIDs$4
Event: 3.300 Loading class sun/security/util/KnownOIDs$4 done
Event: 3.301 Loading class sun/security/util/KnownOIDs$5
Event: 3.302 Loading class sun/security/util/KnownOIDs$5 done
Event: 3.302 Loading class sun/security/util/KnownOIDs$6
Event: 3.302 Loading class sun/security/util/KnownOIDs$6 done
Event: 3.302 Loading class sun/security/util/KnownOIDs$7
Event: 3.303 Loading class sun/security/util/KnownOIDs$7 done
Event: 3.303 Loading class javax/naming/ldap/LdapContext
Event: 3.303 Loading class sun/security/util/KnownOIDs$8
Event: 3.303 Loading class javax/naming/directory/DirContext
Event: 3.303 Loading class sun/security/util/KnownOIDs$8 done
Event: 3.303 Loading class sun/security/util/KnownOIDs$9
Event: 3.303 Loading class javax/naming/directory/DirContext done
Event: 3.304 Loading class javax/naming/ldap/LdapContext done
Event: 3.304 Loading class sun/security/util/KnownOIDs$9 done
Event: 3.304 Loading class sun/security/util/KnownOIDs$10
Event: 3.305 Loading class sun/security/util/KnownOIDs$10 done
Event: 4.333 Loading class sun/security/rsa/SunRsaSign

Classes unloaded (0 events):
No events

Classes redefined (0 events):
No events

Internal exceptions (20 events):
Event: 1.285 Thread 0x000001853086b5b0 Exception <a 'java/lang/NoSuchMethodError'{0x000000008c717cc0}: 'int java.lang.invoke.DirectMethodHandle$Holder.invokeStatic(java.lang.Object, int, java.lang.Object, java.lang.Object)'> (0x000000008c717cc0) 
thrown [s\open\src\hotspot\share\interpreter\linkResolver.cpp, line 796]
Event: 1.285 Thread 0x000001853086b5b0 Exception <a 'java/lang/NoSuchMethodError'{0x000000008c71ee88}: 'java.lang.Object java.lang.invoke.DirectMethodHandle$Holder.newInvokeSpecial(java.lang.Object, int, java.lang.Object)'> (0x000000008c71ee88) 
thrown [s\open\src\hotspot\share\interpreter\linkResolver.cpp, line 796]
Event: 1.286 Thread 0x000001853086b5b0 Exception <a 'java/lang/NoSuchMethodError'{0x000000008c723ac8}: 'int java.lang.invoke.DirectMethodHandle$Holder.invokeSpecialIFC(java.lang.Object, java.lang.Object, java.lang.Object, java.lang.Object)'> (0x000000008c723ac8) 
thrown [s\open\src\hotspot\share\interpreter\linkResolver.cpp, line 796]
Event: 1.327 Thread 0x000001853086b5b0 Exception <a 'java/lang/NoSuchMethodError'{0x000000008c7d6438}: 'void java.lang.invoke.DirectMethodHandle$Holder.invokeInterface(java.lang.Object, java.lang.Object, java.lang.Object)'> (0x000000008c7d6438) 
thrown [s\open\src\hotspot\share\interpreter\linkResolver.cpp, line 796]
Event: 1.363 Thread 0x000001853086b5b0 Exception <a 'java/lang/NoSuchMethodError'{0x000000008c652c80}: 'void java.lang.invoke.DirectMethodHandle$Holder.invokeStaticInit(java.lang.Object, java.lang.Object, java.lang.Object)'> (0x000000008c652c80) 
thrown [s\open\src\hotspot\share\interpreter\linkResolver.cpp, line 796]
Event: 1.379 Thread 0x000001853086b5b0 Exception <a 'java/lang/NoSuchMethodError'{0x000000008c6a3828}: 'java.lang.Object java.lang.invoke.DirectMethodHandle$Holder.invokeVirtual(java.lang.Object, java.lang.Object, java.lang.Object)'> (0x000000008c6a3828) 
thrown [s\open\src\hotspot\share\interpreter\linkResolver.cpp, line 796]
Event: 1.426 Thread 0x000001853086b5b0 Exception <a 'java/lang/NoSuchMethodError'{0x000000008c56fab0}: 'void java.lang.invoke.DirectMethodHandle$Holder.invokeVirtual(java.lang.Object, java.lang.Object, java.lang.Object, java.lang.Object)'> (0x000000008c56fab0) 
thrown [s\open\src\hotspot\share\interpreter\linkResolver.cpp, line 796]
Event: 2.548 Thread 0x0000018595cbcf10 Exception <a 'java/lang/NoClassDefFoundError'{0x000000008c216980}: jakarta/validation/Validation> (0x000000008c216980) 
thrown [s\open\src\hotspot\share\classfile\systemDictionary.cpp, line 302]
Event: 2.555 Thread 0x000001853086b5b0 Exception <a 'java/lang/NoSuchMethodError'{0x000000008c3f3088}: 'java.lang.reflect.Field[] java.lang.Class.getDeclaredFields(java.lang.Class)'> (0x000000008c3f3088) 
thrown [s\open\src\hotspot\share\interpreter\linkResolver.cpp, line 796]
Event: 2.557 Thread 0x000001853086b5b0 Exception <a 'java/lang/NoSuchMethodError'{0x000000008c3f7a98}: 'java.lang.Object java.lang.invoke.DirectMethodHandle$Holder.invokeStatic(java.lang.Object, java.lang.Object, int)'> (0x000000008c3f7a98) 
thrown [s\open\src\hotspot\share\interpreter\linkResolver.cpp, line 796]
Event: 2.558 Thread 0x000001853086b5b0 Exception <a 'java/lang/NoSuchMethodError'{0x000000008c258a40}: 'void java.lang.invoke.DelegatingMethodHandle$Holder.delegate(java.lang.Object, java.lang.Object, int, java.lang.Object)'> (0x000000008c258a40) 
thrown [s\open\src\hotspot\share\interpreter\linkResolver.cpp, line 796]
Event: 2.574 Thread 0x000001853086b5b0 Exception <a 'java/lang/IncompatibleClassChangeError'{0x000000008c2a82f0}: Found class java.lang.Object, but interface was expected> (0x000000008c2a82f0) 
thrown [s\open\src\hotspot\share\interpreter\linkResolver.cpp, line 863]
Event: 3.127 Thread 0x000001853086b5b0 Exception <a 'java/lang/NoSuchMethodError'{0x000000008bfb9cb8}: 'int java.lang.invoke.DirectMethodHandle$Holder.invokeSpecial(java.lang.Object, java.lang.Object, java.lang.Object, java.lang.Object, java.lang.Object)'> (0x000000008bfb9cb8) 
thrown [s\open\src\hotspot\share\interpreter\linkResolver.cpp, line 796]
Event: 3.137 Thread 0x000001853086b5b0 Exception <a 'java/lang/NoSuchMethodError'{0x000000008bfc23f8}: 'void java.lang.invoke.DirectMethodHandle$Holder.invokeVirtual(java.lang.Object, java.lang.Object)'> (0x000000008bfc23f8) 
thrown [s\open\src\hotspot\share\interpreter\linkResolver.cpp, line 796]
Event: 3.188 Thread 0x0000018595cbcf10 Exception <a 'java/lang/NoSuchMethodError'{0x000000008bc97b90}: 'long java.lang.invoke.DirectMethodHandle$Holder.invokeSpecial(java.lang.Object, java.lang.Object)'> (0x000000008bc97b90) 
thrown [s\open\src\hotspot\share\interpreter\linkResolver.cpp, line 796]
Event: 3.190 Thread 0x0000018595cbcf10 Exception <a 'java/lang/NoSuchMethodError'{0x000000008bb03e58}: 'long java.lang.invoke.DirectMethodHandle$Holder.invokeStatic(java.lang.Object, java.lang.Object)'> (0x000000008bb03e58) 
thrown [s\open\src\hotspot\share\interpreter\linkResolver.cpp, line 796]
Event: 3.190 Thread 0x0000018595cbcf10 Exception <a 'java/lang/NoSuchMethodError'{0x000000008bb06f58}: 'long java.lang.invoke.DirectMethodHandle$Holder.invokeStaticInit(java.lang.Object, java.lang.Object)'> (0x000000008bb06f58) 
thrown [s\open\src\hotspot\share\interpreter\linkResolver.cpp, line 796]
Event: 3.192 Thread 0x0000018595cbcf10 Exception <a 'java/lang/NoSuchMethodError'{0x000000008bb131e8}: 'long java.lang.invoke.DirectMethodHandle$Holder.invokeInterface(java.lang.Object, java.lang.Object)'> (0x000000008bb131e8) 
thrown [s\open\src\hotspot\share\interpreter\linkResolver.cpp, line 796]
Event: 3.192 Thread 0x0000018595cbcf10 Exception <a 'java/lang/IncompatibleClassChangeError'{0x000000008bb16210}: Found class java.lang.Object, but interface was expected> (0x000000008bb16210) 
thrown [s\open\src\hotspot\share\interpreter\linkResolver.cpp, line 863]
Event: 3.198 Thread 0x0000018595cbcf10 Exception <a 'java/lang/NoSuchMethodError'{0x000000008bb2dae8}: 'java.lang.Object java.lang.invoke.DirectMethodHandle$Holder.invokeVirtual(java.lang.Object, java.lang.Object, java.lang.Object, java.lang.Object)'> (0x000000008bb2dae8) 
thrown [s\open\src\hotspot\share\interpreter\linkResolver.cpp, line 796]

VM Operations (20 events):
Event: 0.927 Executing VM operation: HandshakeAllThreads (Deoptimize)
Event: 0.927 Executing VM operation: HandshakeAllThreads (Deoptimize) done
Event: 0.941 Executing VM operation: HandshakeAllThreads (Deoptimize)
Event: 0.941 Executing VM operation: HandshakeAllThreads (Deoptimize) done
Event: 1.199 Executing VM operation: G1CollectForAllocation (G1 Evacuation Pause)
Event: 1.209 Executing VM operation: G1CollectForAllocation (G1 Evacuation Pause) done
Event: 2.521 Executing VM operation: HandshakeAllThreads (Deoptimize)
Event: 2.521 Executing VM operation: HandshakeAllThreads (Deoptimize) done
Event: 2.527 Executing VM operation: HandshakeAllThreads (Deoptimize)
Event: 2.527 Executing VM operation: HandshakeAllThreads (Deoptimize) done
Event: 2.556 Executing VM operation: HandshakeAllThreads (Deoptimize)
Event: 2.556 Executing VM operation: HandshakeAllThreads (Deoptimize) done
Event: 2.894 Executing VM operation: HandshakeAllThreads (Deoptimize)
Event: 2.894 Executing VM operation: HandshakeAllThreads (Deoptimize) done
Event: 2.917 Executing VM operation: G1CollectForAllocation (G1 Evacuation Pause)
Event: 2.925 Executing VM operation: G1CollectForAllocation (G1 Evacuation Pause) done
Event: 3.089 Executing VM operation: HandshakeAllThreads (Deoptimize)
Event: 3.089 Executing VM operation: HandshakeAllThreads (Deoptimize) done
Event: 3.269 Executing VM operation: HandshakeAllThreads (Deoptimize)
Event: 3.270 Executing VM operation: HandshakeAllThreads (Deoptimize) done

Memory protections (0 events):
No events

Nmethod flushes (0 events):
No events

Events (14 events):
Event: 0.027 Thread 0x000001853086b5b0 Thread added: 0x000001853086b5b0
Event: 0.042 Thread 0x000001853086b5b0 Thread added: 0x000001854f8aae90
Event: 0.042 Thread 0x000001853086b5b0 Thread added: 0x000001854f8ab8f0
Event: 0.043 Thread 0x000001853086b5b0 Thread added: 0x000001854f8ae360
Event: 0.043 Thread 0x000001853086b5b0 Thread added: 0x000001854f8aedc0
Event: 0.043 Thread 0x000001853086b5b0 Thread added: 0x000001854f8b0830
Event: 0.043 Thread 0x000001853086b5b0 Thread added: 0x000001854f8b1290
Event: 0.043 Thread 0x000001853086b5b0 Thread added: 0x000001854f8b4030
Event: 0.043 Thread 0x000001853086b5b0 Thread added: 0x000001854f8b4ae0
Event: 0.205 Thread 0x000001853086b5b0 Thread added: 0x000001854fa2cc70
Event: 0.213 Thread 0x000001853086b5b0 Thread added: 0x000001854fa34b00
Event: 0.267 Thread 0x000001854f8b4ae0 Thread added: 0x000001854fae0aa0
Event: 2.538 Thread 0x000001853086b5b0 Thread added: 0x0000018595cbcf10
Event: 3.260 Thread 0x000001853086b5b0 Thread added: 0x000001859610bea0


Dynamic libraries:
0x00007ff6ea5c0000 - 0x00007ff6ea5d0000 	C:\Program Files\Java\jdk-23\bin\java.exe
0x00007ffec04a0000 - 0x00007ffec0705000 	C:\WINDOWS\SYSTEM32\ntdll.dll
0x00007ffebfb60000 - 0x00007ffebfc29000 	C:\WINDOWS\System32\KERNEL32.DLL
0x00007ffebde50000 - 0x00007ffebe238000 	C:\WINDOWS\System32\KERNELBASE.dll
0x00007ffebdad0000 - 0x00007ffebdc1b000 	C:\WINDOWS\System32\ucrtbase.dll
0x00007ffea92b0000 - 0x00007ffea92cb000 	C:\Program Files\Java\jdk-23\bin\VCRUNTIME140.dll
0x00007ffea9260000 - 0x00007ffea9277000 	C:\Program Files\Java\jdk-23\bin\jli.dll
0x00007ffebff70000 - 0x00007ffec013a000 	C:\WINDOWS\System32\USER32.dll
0x00007ffebdc20000 - 0x00007ffebdc47000 	C:\WINDOWS\System32\win32u.dll
0x00007ffea69b0000 - 0x00007ffea6c4a000 	C:\WINDOWS\WinSxS\amd64_microsoft.windows.common-controls_6595b64144ccf1df_6.0.26100.4202_none_3e0698d4e335f517\COMCTL32.dll
0x00007ffebff40000 - 0x00007ffebff6b000 	C:\WINDOWS\System32\GDI32.dll
0x00007ffebe750000 - 0x00007ffebe7f9000 	C:\WINDOWS\System32\msvcrt.dll
0x00007ffebdd10000 - 0x00007ffebde47000 	C:\WINDOWS\System32\gdi32full.dll
0x00007ffebd980000 - 0x00007ffebda23000 	C:\WINDOWS\System32\msvcp_win.dll
0x00007ffec0140000 - 0x00007ffec0170000 	C:\WINDOWS\System32\IMM32.DLL
0x00007ffe9da00000 - 0x00007ffe9da0c000 	C:\Program Files\Java\jdk-23\bin\vcruntime140_1.dll
0x00007ffe85800000 - 0x00007ffe8588e000 	C:\Program Files\Java\jdk-23\bin\msvcp140.dll
0x00007ffe14760000 - 0x00007ffe154af000 	C:\Program Files\Java\jdk-23\bin\server\jvm.dll
0x00007ffec0180000 - 0x00007ffec0233000 	C:\WINDOWS\System32\ADVAPI32.dll
0x00007ffebe340000 - 0x00007ffebe3e6000 	C:\WINDOWS\System32\sechost.dll
0x00007ffebf300000 - 0x00007ffebf415000 	C:\WINDOWS\System32\RPCRT4.dll
0x00007ffec0380000 - 0x00007ffec03f4000 	C:\WINDOWS\System32\WS2_32.dll
0x00007ffebd460000 - 0x00007ffebd4be000 	C:\WINDOWS\SYSTEM32\POWRPROF.dll
0x00007ffeb3c00000 - 0x00007ffeb3c35000 	C:\WINDOWS\SYSTEM32\WINMM.dll
0x00007ffebb0f0000 - 0x00007ffebb0fb000 	C:\WINDOWS\SYSTEM32\VERSION.dll
0x00007ffebd440000 - 0x00007ffebd454000 	C:\WINDOWS\SYSTEM32\UMPDC.dll
0x00007ffebc3b0000 - 0x00007ffebc3cb000 	C:\WINDOWS\SYSTEM32\kernel.appcore.dll
0x00007ffe9d9f0000 - 0x00007ffe9d9fa000 	C:\Program Files\Java\jdk-23\bin\jimage.dll
0x00007ffeb7570000 - 0x00007ffeb77b1000 	C:\WINDOWS\SYSTEM32\DBGHELP.DLL
0x00007ffebe800000 - 0x00007ffebeb85000 	C:\WINDOWS\System32\combase.dll
0x00007ffebfdb0000 - 0x00007ffebfe91000 	C:\WINDOWS\System32\OLEAUT32.dll
0x00007ffea6150000 - 0x00007ffea6189000 	C:\WINDOWS\SYSTEM32\dbgcore.DLL
0x00007ffebda30000 - 0x00007ffebdac9000 	C:\WINDOWS\System32\bcryptPrimitives.dll
0x00007ffe9d9d0000 - 0x00007ffe9d9ee000 	C:\Program Files\Java\jdk-23\bin\java.dll
0x00007ffebf9b0000 - 0x00007ffebfb4e000 	C:\WINDOWS\System32\ole32.dll
0x00007ffebeb90000 - 0x00007ffebf2d2000 	C:\WINDOWS\System32\SHELL32.dll
0x00007ffebd800000 - 0x00007ffebd974000 	C:\WINDOWS\System32\wintypes.dll
0x00007ffebb210000 - 0x00007ffebba68000 	C:\WINDOWS\SYSTEM32\windows.storage.dll
0x00007ffebf8b0000 - 0x00007ffebf9a1000 	C:\WINDOWS\System32\SHCORE.dll
0x00007ffebe240000 - 0x00007ffebe2aa000 	C:\WINDOWS\System32\shlwapi.dll
0x00007ffebd500000 - 0x00007ffebd52f000 	C:\WINDOWS\SYSTEM32\profapi.dll
0x00007ffe81e50000 - 0x00007ffe81f27000 	C:\Program Files\Java\jdk-23\bin\jsvml.dll
0x00007ffe9d230000 - 0x00007ffe9d240000 	C:\Program Files\Java\jdk-23\bin\net.dll
0x00007ffebc920000 - 0x00007ffebc98a000 	C:\WINDOWS\system32\mswsock.dll
0x00007ffe9cc20000 - 0x00007ffe9cc36000 	C:\Program Files\Java\jdk-23\bin\nio.dll
0x00007ffe98680000 - 0x00007ffe98697000 	C:\Program Files\Java\jdk-23\bin\zip.dll
0x00007ffe999f0000 - 0x00007ffe999fe000 	C:\Program Files\Java\jdk-23\bin\sunmscapi.dll
0x00007ffebd5f0000 - 0x00007ffebd767000 	C:\WINDOWS\System32\CRYPT32.dll
0x00007ffebcdf0000 - 0x00007ffebce20000 	C:\WINDOWS\SYSTEM32\ncrypt.dll
0x00007ffebcda0000 - 0x00007ffebcddf000 	C:\WINDOWS\SYSTEM32\NTASN1.dll

dbghelp: loaded successfully - version: 4.0.5 - missing functions: none
symbol engine: initialized successfully - sym options: 0x614 - pdb path: .;C:\Program Files\Java\jdk-23\bin;C:\WINDOWS\SYSTEM32;C:\WINDOWS\WinSxS\amd64_microsoft.windows.common-controls_6595b64144ccf1df_6.0.26100.4202_none_3e0698d4e335f517;C:\Program Files\Java\jdk-23\bin\server

VM Arguments:
jvm_args: -XX:+ShowCodeDetailsInExceptionMessages 
java_command: com.recipe.app.RecipeAppApplication
java_class_path (initial): C:\Users\alvar\OneDrive\Documents\Semester 3\Project\recipe-app\recipe-app\build\resources\main;C:\Users\alvar\OneDrive\Documents\Semester 3\Project\recipe-app\recipe-app\build\classes\java\main;C:\Users\alvar\.gradle\caches\modules-2\files-2.1\org.springframework\spring-aop\6.2.8\435fb310d5f464050b91ac3cb1a7f217a471e62e\spring-aop-6.2.8.jar;C:\Users\alvar\.gradle\caches\modules-2\files-2.1\org.yaml\snakeyaml\2.4\e0666b825b796f85521f02360e77f4c92c5a7a07\snakeyaml-2.4.jar;C:\Users\alvar\.gradle\caches\modules-2\files-2.1\io.micrometer\micrometer-commons\1.15.1\43cbe2327f4e3f5cbfda6be64418c66b9b62f4ec\micrometer-commons-1.15.1.jar;C:\Users\alvar\.gradle\caches\modules-2\files-2.1\io.smallrye\jandex\3.2.0\f17ad860f62a08487b9edabde608f8ac55c62fa7\jandex-3.2.0.jar;C:\Users\alvar\.gradle\caches\modules-2\files-2.1\org.springframework.boot\spring-boot-autoconfigure\3.5.3\b03483a9d3c480d064c8380e2d78ea3593ca6cb8\spring-boot-autoconfigure-3.5.3.jar;C:\Users\alvar\.gradle\caches\modules-2\files-2.1\org.postgresql\postgresql\42.7.7\67f8093e8d8104c74bbf588392ac3229803f5d17\postgresql-42.7.7.jar;C:\Users\alvar\.gradle\caches\modules-2\files-2.1\org.springframework\spring-orm\6.2.8\3bfe2a04c09ad1d7738b16e6e4636a7255be3af8\spring-orm-6.2.8.jar;C:\Users\alvar\.gradle\caches\modules-2\files-2.1\ch.qos.logback\logback-core\1.5.18\6c0375624f6f36b4e089e2488ba21334a11ef13f\logback-core-1.5.18.jar;C:\Users\alvar\.gradle\caches\modules-2\files-2.1\org.apache.tomcat.embed\tomcat-embed-core\10.1.42\8906a203edef16fa6013635925bf9f5d1dbe5639\tomcat-embed-core-10.1.42.jar;C:\Users\alvar\.gradle\caches\modules-2\files-2.1\com.fasterxml.jackson.datatype\jackson-datatype-jdk8\2.19.1\eabbc99d0e146b1a7085fddd02568faf1d3b4ab1\jackson-datatype-jdk8-2.19.1.jar;C:\Users\alvar\.gradle\caches\modules-2\files-2.1\org.hibernate.orm\hibernate-core\6.6.18.Final\c3d150af4c341a7b07c75a8905bfbba895e73fbc\hibernate-core-6.6.18.Final.jar;C:\Users\alvar\.gradle\caches\modules-2\files-2.1\jakarta.annotation\jakarta.annotation-api\2.1.1\48b9bda22b091b1f48b13af03fe36db3be6e1ae3\jakarta.annotation-api-2.1.1.jar;C:\Users\alvar\.gradle\caches\modules-2\files-2.1\org.jboss.logging\jboss-logging\3.6.1.Final\886afbb445b4016a37c8960a7aef6ebd769ce7e5\jboss-logging-3.6.1.Final.jar;C:\Users\alvar\.gradle\caches\modules-2\files-2.1\org.springframework.data\spring-data-jpa\3.5.1\7d34c2d8c8bcd96f5ce3f012c2a88d682a86e14b\spring-data-jpa-3.5.1.jar;C:\Users\alvar\.gradle\caches\modules-2\files-2.1\com.fasterxml.jackson.datatype\jackson-datatype-jsr310\2.19.1\e9df57105f3b0730040ad7f3a1b603684a3329f4\jackson-datatype-jsr310-2.19.1.jar;C:\Users\alvar\.gradle\caches\modules-2\files-2.1\org.glassfish.jaxb\txw2\4.0.5\f36a4ef12120a9bb06d766d6a0e54b144fd7ed98\txw2-4.0.5.jar;C:\Users\alvar\.gradle\caches\modules-2\files-2.1\org.springframework\spring-tx\6.2.8\6b2eecf34f0810dd989f7e7bfa8fd8c86fe28dfb\spring-tx-6.2.8.jar;C:\Users\alvar\.gradle\caches\modules-2\files-2.1\org.apache.tomcat.embed\tomcat-embed-websocket\10.1.42\e47e420583a372feaece0dc9b8a9a63c4bfcd093\tomcat-embed-websocket-10.1.42.jar;C:\Users\alvar\.gradle\caches\modules-2\files-2.1\org.springframework\spring-jdbc\6.2.8\2927be130aa08d6513804a048eb6065ab5c51a1d\spring-jdbc-6.2.8.jar;C:\Users\alvar\.gradle\caches\modules-2\files-2.1\com.fasterxml.jackson.module\jackson-module-parameter-names\2.19.1\133a9dc4ff2413035dc7ca8a9aa6a1da3667ddfb\jackson-module-parameter-names-2.19.1.jar;C:\Users\alvar\.gradle\caches\modules-2\files-2.1\org.apache.logging.log4j\log4j-api\2.24.3\b02c125db8b6d295adf72ae6e71af5d83bce2370\log4j-api-2.24.3.jar;C:\Users\alvar\.gradle\caches\modules-2\files-2.1\org.projectlombok\lombok\1.18.38\57f8f5e02e92a30fd21b80cbd426a4172b5f8e29\lombok-1.18.38.jar;C:\Users\alvar\.gradle\caches\modules-2\files-2.1\com.fasterxml.jackson.core\jackson-annotations\2.19.1\37e4f0c5dba684e00137defdb04ad9df95920c44\jackson-annotations-2.19.1.jar;C:\Users\alvar\.gradle\caches\modules-2\files-2.1\org.antlr\antlr4-runtime\4.13.0\5a02e48521624faaf5ff4d99afc88b01686af655\antlr4-runtime-4.13.0.jar;C:\Users\alvar\.gradle\caches\modules-2\files-2.1\net.bytebuddy\byte-buddy\1.17.6\8c70cbc6950b2ae5291a98d5003e06406d633803\byte-buddy-1.17.6.jar;C:\Users\alvar\.gradle\caches\modules-2\files-2.1\jakarta.inject\jakarta.inject-api\2.0.1\4c28afe1991a941d7702fe1362c365f0a8641d1e\jakarta.inject-api-2.0.1.jar;C:\Users\alvar\.gradle\caches\modules-2\files-2.1\org.springframework\spring-core\6.2.8\2caf1cef93252f5ef2b7f334b8b4d61f3aecad15\spring-core-6.2.8.jar;C:\Users\alvar\.gradle\caches\modules-2\files-2.1\org.springframework\spring-beans\6.2.8\9da1e690f343c30b6ed6eabd5f60ecc5dd0b225a\spring-beans-6.2.8.jar;C:\Users\alvar\.gradle\caches\modules-2\files-2.1\com.fasterxml.jackson.core\jackson-databind\2.19.1\e8cb8e76faea3e0791165f5d3614fc45933b2ee0\jackson-databind-2.19.1.jar;C:\Users\alvar\.gradle\caches\modules-2\files-2.1\org.hibernate.common\hibernate-commons-annotations\7.0.3.Final\e183c4be8bb41d12e9f19b374e00c34a0a85f439\hibernate-commons-annotations-7.0.3.Final.jar;C:\Users\alvar\.gradle\caches\modules-2\files-2.1\org.apache.logging.log4j\log4j-to-slf4j\2.24.3\da1143e2a2531ee1c2d90baa98eb50a28a39d5a7\log4j-to-slf4j-2.24.3.jar;C:\Users\alvar\.gradle\caches\modules-2\files-2.1\org.glassfish.jaxb\jaxb-core\4.0.5\7b4b11ea5542eea4ad55e1080b23be436795b3\jaxb-core-4.0.5.jar;C:\Users\alvar\.gradle\caches\modules-2\files-2.1\jakarta.persistence\jakarta.persistence-api\3.1.0\66901fa1c373c6aff65c13791cc11da72060a8d6\jakarta.persistence-api-3.1.0.jar;C:\Users\alvar\.gradle\caches\modules-2\files-2.1\ch.qos.logback\logback-classic\1.5.18\fc371f3fc97a639de2d67947cffb7518ec5e3d40\logback-classic-1.5.18.jar;C:\Users\alvar\.gradle\caches\modules-2\files-2.1\org.springframework.boot\spring-boot-starter-data-jpa\3.5.3\8494346cf0bdb148ef29d5f41647b0cd6908ad7d\spring-boot-starter-data-jpa-3.5.3.jar;C:\Users\alvar\.gradle\caches\modules-2\files-2.1\org.springframework.boot\spring-boot\3.5.3\1b02976773afc2489df3c22000acaf83d0ada2b2\spring-boot-3.5.3.jar;C:\Users\alvar\.gradle\caches\modules-2\files-2.1\org.springframework\spring-jcl\6.2.8\b806d8d270a8eebaca56f6b4dae8f627460b0d4e\spring-jcl-6.2.8.jar;C:\Users\alvar\.gradle\caches\modules-2\files-2.1\org.glassfish.jaxb\jaxb-runtime\4.0.5\ca84c2a7169b5293e232b9d00d1e4e36d4c3914a\jaxb-runtime-4.0.5.jar;C:\Users\alvar\.gradle\caches\modules-2\files-2.1\com.sun.istack\istack-commons-runtime\4.1.2\18ec117c85f3ba0ac65409136afa8e42bc74e739\istack-commons-runtime-4.1.2.jar;C:\Users\alvar\.gradle\caches\modules-2\files-2.1\org.checkerframework\checker-qual\3.49.3\119a4df4ba2e6a432b23989a785f81be38a56849\checker-qual-3.49.3.jar;C:\Users\alvar\.gradle\caches\modules-2\files-2.1\io.micrometer\micrometer-observation\1.15.1\3d0a62a46350707984e3600297cc8e08c4722399\micrometer-observation-1.15.1.jar;C:\Users\alvar\.gradle\caches\modules-2\files-2.1\org.slf4j\jul-to-slf4j\2.0.17\524cb6ccc2b68a57604750e1ab8b13b5a786a6aa\jul-to-slf4j-2.0.17.jar;C:\Users\alvar\.gradle\caches\modules-2\files-2.1\org.springframework\spring-expression\6.2.8\19e6618120fab6a572880675e1c0af676c7aa4ac\spring-expression-6.2.8.jar;C:\Users\alvar\.gradle\caches\modules-2\files-2.1\org.slf4j\slf4j-api\2.0.17\d9e58ac9c7779ba3bf8142aff6c830617a7fe60f\slf4j-api-2.0.17.jar;C:\Users\alvar\.gradle\caches\modules-2\files-2.1\org.springframework.boot\spring-boot-starter-jdbc\3.5.3\427ff2d6cc12a5e503b1be8508db08f0c05098c0\spring-boot-starter-jdbc-3.5.3.jar;C:\Users\alvar\.gradle\caches\modules-2\files-2.1\org.springframework.boot\spring-boot-starter-web\3.5.3\4ba7817f958e9a0b0f642af98440affd0c7e2ee0\spring-boot-starter-web-3.5.3.jar;C:\Users\alvar\.gradle\caches\modules-2\files-2.1\org.springframework.data\spring-data-commons\3.5.1\90bd3f9edcc3b98e0d49657f3f2152e933b42ae8\spring-data-commons-3.5.1.jar;C:\Users\alvar\.gradle\caches\modules-2\files-2.1\org.springframework\spring-webmvc\6.2.8\a98cbaba4b55b4fee2d752041130e2e0f7014b27\spring-webmvc-6.2.8.jar;C:\Users\alvar\.gradle\caches\modules-2\files-2.1\org.springframework.boot\spring-boot-starter-json\3.5.3\fe424c3edf444e65e3c3331a1538d31396225a3b\spring-boot-starter-json-3.5.3.jar;C:\Users\alvar\.gradle\caches\modules-2\files-2.1\org.springframework\spring-context\6.2.8\9db99fe5f92f587e8f2b26b34a7f42260169925a\spring-context-6.2.8.jar;C:\Users\alvar\.gradle\caches\modules-2\files-2.1\org.aspectj\aspectjweaver\1.9.24\9b5aeb0cea9f958b9c57fb80e62996e95a3e9379\aspectjweaver-1.9.24.jar;C:\Users\alvar\.gradle\caches\modules-2\files-2.1\org.springframework\spring-aspects\6.2.8\30cd83452beef146187bee60a824fe3ae7197d85\spring-aspects-6.2.8.jar;C:\Users\alvar\.gradle\caches\modules-2\files-2.1\com.zaxxer\HikariCP\6.3.0\bebd113244c9d9926c6b792f28110ed6380cacc2\HikariCP-6.3.0.jar;C:\Users\alvar\.gradle\caches\modules-2\files-2.1\org.eclipse.angus\angus-activation\2.0.2\41f1e0ddd157c856926ed149ab837d110955a9fc\angus-activation-2.0.2.jar;C:\Users\alvar\.gradle\caches\modules-2\files-2.1\jakarta.transaction\jakarta.transaction-api\2.0.1\51a520e3fae406abb84e2e1148e6746ce3f80a1a\jakarta.transaction-api-2.0.1.jar;C:\Users\alvar\.gradle\caches\modules-2\files-2.1\org.springframework.boot\spring-boot-starter\3.5.3\b978e45d89b92eedaa09d0993bed91bcf00153d4\spring-boot-starter-3.5.3.jar;C:\Users\alvar\.gradle\caches\modules-2\files-2.1\org.springframework\spring-web\6.2.8\7b6a4ffb12639779721bc5adbc7f5ba80db72ff9\spring-web-6.2.8.jar;C:\Users\alvar\.gradle\caches\modules-2\files-2.1\org.springframework.boot\spring-boot-starter-logging\3.5.3\7013c1aff95fd599eb291fe34924c59d1ea88c5b\spring-boot-starter-logging-3.5.3.jar;C:\Users\alvar\.gradle\caches\modules-2\files-2.1\com.fasterxml\classmate\1.7.0\e98374da1f2143ac8e6e0a95036994bb19137a3\classmate-1.7.0.jar;C:\Users\alvar\.gradle\caches\modules-2\files-2.1\jakarta.xml.bind\jakarta.xml.bind-api\4.0.2\6cd5a999b834b63238005b7144136379dc36cad2\jakarta.xml.bind-api-4.0.2.jar;C:\Users\alvar\.gradle\caches\modules-2\files-2.1\org.apache.tomcat.embed\tomcat-embed-el\10.1.42\a82416ce2960c50ee8150c9229e058b826e070a8\tomcat-embed-el-10.1.42.jar;C:\Users\alvar\.gradle\caches\modules-2\files-2.1\com.fasterxml.jackson.core\jackson-core\2.19.1\6e5a8cb8a6cada322497cefb7726657d98aaee15\jackson-core-2.19.1.jar;C:\Users\alvar\.gradle\caches\modules-2\files-2.1\org.springframework.boot\spring-boot-starter-tomcat\3.5.3\490bccd84af19bddcb955e722c8dcebc34cb2193\spring-boot-starter-tomcat-3.5.3.jar;C:\Users\alvar\.gradle\caches\modules-2\files-2.1\jakarta.activation\jakarta.activation-api\2.1.3\fa165bd70cda600368eee31555222776a46b881f\jakarta.activation-api-2.1.3.jar
Launcher Type: SUN_STANDARD

[Global flags]
     intx CICompilerCount                          = 4                                         {product} {ergonomic}
     uint ConcGCThreads                            = 3                                         {product} {ergonomic}
     uint G1ConcRefinementThreads                  = 10                                        {product} {ergonomic}
   size_t G1HeapRegionSize                         = 1048576                                   {product} {ergonomic}
   size_t InitialHeapSize                          = 130023424                                 {product} {ergonomic}
   size_t MarkStackSize                            = 4194304                                   {product} {ergonomic}
   size_t MarkStackSizeMax                         = 536870912                                 {product} {ergonomic}
   size_t MaxHeapSize                              = 2065694720                                {product} {ergonomic}
   size_t MaxNewSize                               = 1239416832                                {product} {ergonomic}
   size_t MinHeapDeltaBytes                        = 1048576                                   {product} {ergonomic}
   size_t MinHeapSize                              = 8388608                                   {product} {ergonomic}
    uintx NonNMethodCodeHeapSize                   = 5832704                                {pd product} {ergonomic}
    uintx NonProfiledCodeHeapSize                  = 122945536                              {pd product} {ergonomic}
    uintx ProfiledCodeHeapSize                     = 122880000                              {pd product} {ergonomic}
    uintx ReservedCodeCacheSize                    = 251658240                              {pd product} {ergonomic}
     bool SegmentedCodeCache                       = true                                      {product} {ergonomic}
     bool ShowCodeDetailsInExceptionMessages       = true                                   {manageable} {command line}
   size_t SoftMaxHeapSize                          = 2065694720                             {manageable} {ergonomic}
     bool UseCompressedOops                        = true                           {product lp64_product} {ergonomic}
     bool UseG1GC                                  = true                                      {product} {ergonomic}
     bool UseLargePagesIndividualAllocation        = false                                  {pd product} {ergonomic}

Logging:
Log output configuration:
 #0: stdout all=warning uptime,level,tags foldmultilines=false
 #1: stderr all=off uptime,level,tags foldmultilines=false

Environment Variables:
PATH=C:\Program Files\Common Files\Oracle\Java\javapath;C:\WINDOWS\system32;C:\WINDOWS;C:\WINDOWS\System32\Wbem;C:\WINDOWS\System32\WindowsPowerShell\v1.0\;C:\WINDOWS\System32\OpenSSH\;C:\Program Files\Docker\Docker\resources\bin;C:\Program Files\Git\cmd;C:\Program Files (x86)\Gpg4win\..\GnuPG\bin;C:\Program Files\nodejs\;C:\Users\alvar\AppData\Local\Programs\Eclipse Adoptium\jdk-21.0.6.7-hotspot\bin;C:\Program Files\MySQL\MySQL Shell 8.0\bin\;C:\Users\alvar\AppData\Local\Microsoft\WindowsApps;C:\Users\alvar\AppData\Local\Programs\Microsoft VS Code\bin;C:\Users\alvar\AppData\Roaming\npm;C:\Program Files\nodejs\;
USERNAME=alvar
LANG=en_US.UTF-8
OS=Windows_NT
PROCESSOR_IDENTIFIER=Intel64 Family 6 Model 186 Stepping 3, GenuineIntel
TMP=C:\Users\alvar\AppData\Local\Temp
TEMP=C:\Users\alvar\AppData\Local\Temp




Periodic native trim disabled

---------------  S Y S T E M  ---------------

OS:
 Windows 11 , 64 bit Build 26100 (10.0.26100.4202)
OS uptime: 21 days 2:44 hours
Hyper-V role detected

CPU: total 12 (initial active 12) (6 cores per cpu, 2 threads per core) family 6 model 186 stepping 3 microcode 0x411f, cx8, cmov, fxsr, ht, mmx, 3dnowpref, sse, sse2, sse3, ssse3, sse4.1, sse4.2, popcnt, lzcnt, tsc, tscinvbit, avx, avx2, aes, erms, clmul, bmi1, bmi2, adx, sha, fma, vzeroupper, clflush, clflushopt, clwb, hv, serialize, rdtscp, rdpid, fsrm, gfni, f16c, cet_ibt, cet_ss
Processor Information for processor 0
  Max Mhz: 1300, Current Mhz: 1300, Mhz Limit: 1300
Processor Information for processor 1
  Max Mhz: 1300, Current Mhz: 1300, Mhz Limit: 1300
Processor Information for processor 2
  Max Mhz: 1300, Current Mhz: 1300, Mhz Limit: 1300
Processor Information for processor 3
  Max Mhz: 1300, Current Mhz: 1300, Mhz Limit: 1300
Processor Information for processor 4
  Max Mhz: 1300, Current Mhz: 900, Mhz Limit: 897
Processor Information for processor 5
  Max Mhz: 1300, Current Mhz: 900, Mhz Limit: 897
Processor Information for processor 6
  Max Mhz: 1300, Current Mhz: 900, Mhz Limit: 897
Processor Information for processor 7
  Max Mhz: 1300, Current Mhz: 900, Mhz Limit: 897
Processor Information for processor 8
  Max Mhz: 1300, Current Mhz: 900, Mhz Limit: 897
Processor Information for processor 9
  Max Mhz: 1300, Current Mhz: 900, Mhz Limit: 897
Processor Information for processor 10
  Max Mhz: 1300, Current Mhz: 900, Mhz Limit: 897
Processor Information for processor 11
  Max Mhz: 1300, Current Mhz: 900, Mhz Limit: 897

Memory: 4k page, system-wide physical 7875M (346M free)
TotalPageFile size 32451M (AvailPageFile size 50M)
current process WorkingSet (physical memory assigned to process): 128M, peak: 128M
current process commit charge ("private bytes"): 263M, peak: 263M

vm_info: Java HotSpot(TM) 64-Bit Server VM (23.0.1+11-39) for windows-amd64 JRE (23.0.1+11-39), built on 2024-09-30T07:20:43Z with MS VC++ 17.6 (VS2022)

END.
